<?xml version="1.0" encoding="UTF-8"?>
<!-- Generated by org.testng.reporters.JUnitXMLReporter -->
<testsuite ignored="0" hostname="Pankaj" failures="1" tests="3" name="Test" time="12.238" errors="0" timestamp="2022-04-28T20:12:46 IST">
  <testcase classname="ExtendReport.TestCases.Amazon" name="launchAmazon" time="9.28"/>
  <testcase classname="ExtendReport.TestCases.FlipKart" name="launchFlipkart" time="10.882"/>
  <testcase classname="ExtendReport.TestCases.Myntra" name="launchMyntra" time="11.773">
    <failure type="java.lang.AssertionError" message="expected [Flipkart] but found [Online Shopping for Women, Men, Kids Fashion &amp;amp; Lifestyle - Myntra]">
      <![CDATA[java.lang.AssertionError: expected [Flipkart] but found [Online Shopping for Women, Men, Kids Fashion & Lifestyle - Myntra]
at ExtendReport.TestCases.Myntra.launchMyntra(Myntra.java:21)
at java.base/java.util.concurrent.ThreadPoolExecutor.runWorker(ThreadPoolExecutor.java:1136)
at java.base/java.util.concurrent.ThreadPoolExecutor$Worker.run(ThreadPoolExecutor.java:635)
at java.base/java.lang.Thread.run(Thread.java:833)
... Removed 18 stack frames]]>
    </failure>
  </testcase> <!-- launchMyntra -->
</testsuite> <!-- Test -->
